<?xml version="1.0" encoding="UTF-8"?>
<testsuite name="toolsTest.CharAmountsTest" tests="12" skipped="0" failures="0" errors="0" timestamp="2020-09-05T08:37:59" hostname="lx8-fuxi135" time="0.008">
  <properties/>
  <testcase name="keysetLength" classname="toolsTest.CharAmountsTest" time="0.0"/>
  <testcase name="addAndReturnCode" classname="toolsTest.CharAmountsTest" time="0.0"/>
  <testcase name="addNode" classname="toolsTest.CharAmountsTest" time="0.0"/>
  <testcase name="hashIsCountedCorrectly" classname="toolsTest.CharAmountsTest" time="0.001"/>
  <testcase name="searchWorks" classname="toolsTest.CharAmountsTest" time="0.0"/>
  <testcase name="searchWithSameHash" classname="toolsTest.CharAmountsTest" time="0.001"/>
  <testcase name="containsCharFalse" classname="toolsTest.CharAmountsTest" time="0.0"/>
  <testcase name="containsCharWorks" classname="toolsTest.CharAmountsTest" time="0.001"/>
  <testcase name="sameHashInKeyset" classname="toolsTest.CharAmountsTest" time="0.0"/>
  <testcase name="increaseSizeWorks" classname="toolsTest.CharAmountsTest" time="0.001"/>
  <testcase name="addThirdSameHash" classname="toolsTest.CharAmountsTest" time="0.0"/>
  <testcase name="searchWithNonexistingChar" classname="toolsTest.CharAmountsTest" time="0.0"/>
  <system-out><![CDATA[]]></system-out>
  <system-err><![CDATA[]]></system-err>
</testsuite>
