<?xml version="1.0" encoding="UTF-8"?>
<testsuite name="algorithmsTest.DecompressTest" tests="3" skipped="0" failures="0" errors="0" timestamp="2020-09-05T08:37:59" hostname="lx8-fuxi135" time="0.004">
  <properties/>
  <testcase name="findRightChar" classname="algorithmsTest.DecompressTest" time="0.003"/>
  <testcase name="oneAndTwoInTree" classname="algorithmsTest.DecompressTest" time="0.001"/>
  <testcase name="treeFormedCorrectly" classname="algorithmsTest.DecompressTest" time="0.0"/>
  <system-out><![CDATA[]]></system-out>
  <system-err><![CDATA[]]></system-err>
</testsuite>
