<?xml version="1.0" encoding="UTF-8"?>
<testsuite name="toolsTest.BinaryHeapTest" tests="2" skipped="0" failures="0" errors="0" timestamp="2020-09-05T08:37:59" hostname="lx8-fuxi135" time="0.001">
  <properties/>
  <testcase name="amountofNodesCorrect" classname="toolsTest.BinaryHeapTest" time="0.0"/>
  <testcase name="deleteMinWorks" classname="toolsTest.BinaryHeapTest" time="0.001"/>
  <system-out><![CDATA[]]></system-out>
  <system-err><![CDATA[]]></system-err>
</testsuite>
