<?xml version="1.0" encoding="UTF-8"?>
<testsuite name="algorithmsTest.HuffmanTest" tests="5" skipped="0" failures="0" errors="0" timestamp="2020-09-05T08:37:59" hostname="lx8-fuxi135" time="0.004">
  <properties/>
  <testcase name="amountOfCharactersInValuesCorrect" classname="algorithmsTest.HuffmanTest" time="0.002"/>
  <testcase name="charactersInValuesCorrect" classname="algorithmsTest.HuffmanTest" time="0.0"/>
  <testcase name="firstFormedCorrectly" classname="algorithmsTest.HuffmanTest" time="0.0"/>
  <testcase name="nodesAreFormedCorrectly" classname="algorithmsTest.HuffmanTest" time="0.0"/>
  <testcase name="amountOfNodesIsCorrect" classname="algorithmsTest.HuffmanTest" time="0.0"/>
  <system-out><![CDATA[]]></system-out>
  <system-err><![CDATA[]]></system-err>
</testsuite>
